0 info it worked if it ends with ok
1 verbose cli [ 'C:\\Program Files\\nodejs\\node.exe',
1 verbose cli   'C:\\Program Files\\nodejs\\node_modules\\npm\\bin\\npm-cli.js',
1 verbose cli   'run',
1 verbose cli   'docs' ]
2 info using npm@3.10.3
3 info using node@v6.3.0
4 verbose run-script [ 'predocs', 'docs', 'postdocs' ]
5 info lifecycle popcorn-api@2.1.0~predocs: popcorn-api@2.1.0
6 silly lifecycle popcorn-api@2.1.0~predocs: no script for predocs, continuing
7 info lifecycle popcorn-api@2.1.0~docs: popcorn-api@2.1.0
8 verbose lifecycle popcorn-api@2.1.0~docs: unsafe-perm in lifecycle true
9 verbose lifecycle popcorn-api@2.1.0~docs: PATH: C:\Program Files\nodejs\node_modules\npm\bin\node-gyp-bin;C:\Users\Sjoerd Thijsse\Documents\GitHub\popcorn-api\docs\node_modules\.bin;C:\Program Files\nodejs;C:\Users\Sjoerd Thijsse\bin;C:\Program Files\Git\mingw64\bin;C:\Program Files\Git\usr\local\bin;C:\Program Files\Git\usr\bin;C:\Program Files\Git\usr\bin;C:\Program Files\Git\mingw64\bin;C:\Program Files\Git\usr\bin;C:\Users\Sjoerd Thijsse\bin;C:\ProgramData\Oracle\Java\javapath;C:\Windows\system32;C:\Windows;C:\Windows\System32\Wbem;C:\Windows\System32\WindowsPowerShell\v1.0;C:\Program Files (x86)\Skype\Phone;C:\Program Files (x86)\NVIDIA Corporation\PhysX\Common;C:\Program Files (x86)\QuickTime\QTSystem;C:\Program Files\MongoDB\Server\3.2\bin;C:\WINDOWS\system32;C:\WINDOWS;C:\WINDOWS\System32\Wbem;C:\WINDOWS\System32\WindowsPowerShell\v1.0;C:\Android\sdk;C:\Program Files\nodejs;C:\ProgramData\chocolatey\bin;C:\Android\sdk\platform-tools;C:\Users\Sjoerd Thijsse\AppData\Local\atom\bin;C:\Program Files\MongoDB\Server\3.2\bin;C:\Users\Sjoerd Thijsse\AppData\Roaming\npm;C:\Program Files\Git\usr\bin\vendor_perl;C:\Program Files\Git\usr\bin\core_perl
10 verbose lifecycle popcorn-api@2.1.0~docs: CWD: C:\Users\Sjoerd Thijsse\Documents\GitHub\popcorn-api\docs
11 silly lifecycle popcorn-api@2.1.0~docs: Args: [ '/d /s /c', 'esdoc -c .esdoc.json' ]
12 silly lifecycle popcorn-api@2.1.0~docs: Returned: code: 1  signal: null
13 info lifecycle popcorn-api@2.1.0~docs: Failed to exec docs script
14 verbose stack Error: popcorn-api@2.1.0 docs: `esdoc -c .esdoc.json`
14 verbose stack Exit status 1
14 verbose stack     at EventEmitter.<anonymous> (C:\Program Files\nodejs\node_modules\npm\lib\utils\lifecycle.js:242:16)
14 verbose stack     at emitTwo (events.js:106:13)
14 verbose stack     at EventEmitter.emit (events.js:191:7)
14 verbose stack     at ChildProcess.<anonymous> (C:\Program Files\nodejs\node_modules\npm\lib\utils\spawn.js:40:14)
14 verbose stack     at emitTwo (events.js:106:13)
14 verbose stack     at ChildProcess.emit (events.js:191:7)
14 verbose stack     at maybeClose (internal/child_process.js:852:16)
14 verbose stack     at Process.ChildProcess._handle.onexit (internal/child_process.js:215:5)
15 verbose pkgid popcorn-api@2.1.0
16 verbose cwd C:\Users\Sjoerd Thijsse\Documents\GitHub\popcorn-api\docs
17 error Windows_NT 10.0.10586
18 error argv "C:\\Program Files\\nodejs\\node.exe" "C:\\Program Files\\nodejs\\node_modules\\npm\\bin\\npm-cli.js" "run" "docs"
19 error node v6.3.0
20 error npm  v3.10.3
21 error code ELIFECYCLE
22 error popcorn-api@2.1.0 docs: `esdoc -c .esdoc.json`
22 error Exit status 1
23 error Failed at the popcorn-api@2.1.0 docs script 'esdoc -c .esdoc.json'.
23 error Make sure you have the latest version of node.js and npm installed.
23 error If you do, this is most likely a problem with the popcorn-api package,
23 error not with npm itself.
23 error Tell the author that this fails on your system:
23 error     esdoc -c .esdoc.json
23 error You can get information on how to open an issue for this project with:
23 error     npm bugs popcorn-api
23 error Or if that isn't available, you can get their info via:
23 error     npm owner ls popcorn-api
23 error There is likely additional logging output above.
24 verbose exit [ 1, true ]
